0 info it worked if it ends with ok
1 verbose cli [ '/home/alayton/.nvm/v0.10.13/bin/node',
1 verbose cli   '/home/alayton/.nvm/v0.10.13/bin/npm',
1 verbose cli   'version',
1 verbose cli   '0.1.2' ]
2 info using npm@1.3.2
3 info using node@v0.10.13
4 error Error: Git working directory not clean.
4 error M lib/mysql.js
4 error     at /home/alayton/.nvm/v0.10.13/lib/node_modules/npm/lib/version.js:97:35
4 error     at ChildProcess.exithandler (child_process.js:635:7)
4 error     at ChildProcess.EventEmitter.emit (events.js:98:17)
4 error     at maybeClose (child_process.js:735:16)
4 error     at Socket.<anonymous> (child_process.js:948:11)
4 error     at Socket.EventEmitter.emit (events.js:95:17)
4 error     at Pipe.close (net.js:466:12)
5 error If you need help, you may report this log at:
5 error     <http://github.com/isaacs/npm/issues>
5 error or email it to:
5 error     <npm-@googlegroups.com>
6 error System Linux 3.9.3-x86-linode52
7 error command "/home/alayton/.nvm/v0.10.13/bin/node" "/home/alayton/.nvm/v0.10.13/bin/npm" "version" "0.1.2"
8 error cwd /home/alayton/extraload
9 error node -v v0.10.13
10 error npm -v 1.3.2
11 verbose exit [ 1, true ]
